Fri Sep 18 2020 08:23:51.000000000
Gkyl built with a4430cbb5d93
Gkyl built on Sep 15 2020 10:40:40
Initializing PlasmaOnCartGrid simulation ...
Using CFL number 0.2
Initializing completed in 0.119465 sec

Starting main loop of PlasmaOnCartGrid simulation ...

 Step 0 at time 0. Time step 0.00654498. Completed 0%
0123456789 Step   764 at time 5.00037. Time step 0.00654498. Completed 10%
0123456789 Step  1528 at time 10.0007. Time step 0.00654498. Completed 20%
0123456789 Step  2292 at time 15.0011. Time step 0.00654496. Completed 30%
0123456789 Step  3056 at time 20.0014. Time step 0.00654478. Completed 40%
0123456789 Step  3820 at time 25.0013. Time step 0.00654364. Completed 50%
0123456789 Step  4585 at time 30.0051. Time step 0.006536. Completed 60%
0123456789 Step  5352 at time 35.0043. Time step 0.00648341. Completed 70%
0123456789 Step  6145 at time 40.002. Time step 0.00588699. Completed 80%
0123456789 Step  7032 at time 45.0028. Time step 0.00588381. Completed 90%
0123456789 Step  7915 at time 50. Time step 0.000257837. Completed 100%
0
Total number of time-steps 7916
Number of barriers 467515 barriers (59.0595 barriers/step)

Solver took				 10.46478 sec   (0.001322 s/step)   (32.819%)
Solver BCs took 			  0.95638 sec   (0.000121 s/step)   ( 2.999%)
Field solver took 			  2.25145 sec   (0.000284 s/step)   ( 7.061%)
Field solver BCs took			  0.67645 sec   (0.000085 s/step)   ( 2.121%)
Function field solver took		  0.00000 sec   (0.000000 s/step)   ( 0.000%)
Moment calculations took		  6.60762 sec   (0.000835 s/step)   (20.722%)
Integrated moment calculations took	 10.34201 sec   (0.001306 s/step)   (32.434%)
Field energy calculations took		  0.57615 sec   (0.000073 s/step)   ( 1.807%)
Collision solver(s) took		  0.00000 sec   (0.000000 s/step)   ( 0.000%)
Collision moments(s) took		  0.00000 sec   (0.000000 s/step)   ( 0.000%)
Source updaters took 			  0.00000 sec   (0.000000 s/step)   ( 0.000%)
Stepper combine/copy took		  0.25650 sec   (0.000032 s/step)   ( 0.804%)
Time spent in barrier function		  7.84865 sec   (0.000991 s/step)   (    25%)
[Unaccounted for]			 -0.24486 sec   (-0.000031 s/step)   (-0.768%)

Main loop completed in			 31.88646 sec   (0.004028 s/step)   (   100%)

Fri Sep 18 2020 08:24:23.000000000
